[ 2016-03-23T17:38:58+08:00 ] 127.0.0.1 /Blog/
INFO: [ app_init ] --START--
INFO: Run Behavior\BuildLiteBehavior [ RunTime:0.000022s ]
INFO: [ app_init ] --END-- [ RunTime:0.001463s ]
INFO: [ app_begin ] --START--
INFO: Run Behavior\ReadHtmlCacheBehavior [ RunTime:0.000906s ]
INFO: [ app_begin ] --END-- [ RunTime:0.000996s ]
SQL: SHOW COLUMNS FROM `web_post` [ RunTime:0.0516s ]
SQL: SELECT `aid`,`title`,`content`,`summary`,`ctime`,`if_deleted`,`cid`,`rnum` FROM `web_post` WHERE `if_deleted` = 0 ORDER BY rnum desc LIMIT 4   [ RunTime:0.0499s ]
SQL: SELECT COUNT(*) AS tp_count FROM `web_post` WHERE `if_deleted` = 0 LIMIT 1   [ RunTime:0.0495s ]
INFO: [ view_parse ] --START--
INFO: [ template_filter ] --START--
INFO: Run Behavior\ContentReplaceBehavior [ RunTime:0.000085s ]
INFO: [ template_filter ] --END-- [ RunTime:0.000160s ]
INFO: Run Behavior\ParseTemplateBehavior [ RunTime:0.034160s ]
INFO: [ view_parse ] --END-- [ RunTime:0.034282s ]
INFO: [ view_filter ] --START--
INFO: Run Behavior\WriteHtmlCacheBehavior [ RunTime:0.000385s ]
INFO: [ view_filter ] --END-- [ RunTime:0.000440s ]
INFO: [ app_end ] --START--
INFO: Run Behavior\ShowPageTraceBehavior [ RunTime:0.000980s ]
INFO: [ app_end ] --END-- [ RunTime:0.001056s ]

[ 2016-03-23T17:38:59+08:00 ] 127.0.0.1 /Blog/Public/images.ico
INFO: [ app_init ] --START--
INFO: Run Behavior\BuildLiteBehavior [ RunTime:0.000049s ]
INFO: [ app_init ] --END-- [ RunTime:0.000574s ]

[ 2016-03-23T17:38:59+08:00 ] 127.0.0.1 /Blog/home/Index/getlist
INFO: [ app_init ] --START--
INFO: Run Behavior\BuildLiteBehavior [ RunTime:0.000016s ]
INFO: [ app_init ] --END-- [ RunTime:0.000387s ]
INFO: [ app_begin ] --START--
INFO: Run Behavior\ReadHtmlCacheBehavior [ RunTime:0.000471s ]
INFO: [ app_begin ] --END-- [ RunTime:0.000535s ]
SQL: SHOW COLUMNS FROM `web_post` [ RunTime:0.0516s ]
SQL: SELECT `aid`,`title`,`content`,`summary`,`ctime`,`if_deleted`,`cid`,`rnum` FROM `web_post` WHERE `if_deleted` = 0 ORDER BY rnum desc LIMIT 4   [ RunTime:0.0515s ]
SQL: SELECT COUNT(*) AS tp_count FROM `web_post` WHERE `if_deleted` = 0 LIMIT 1   [ RunTime:0.0509s ]
NOTIC: [2] Missing argument 4 for admin\Model\CommonModel::getlist(), called in /Applications/MAMP/htdocs/Blog/app/Home/Controller/IndexController.class.php on line 17 and defined /Applications/MAMP/htdocs/Blog/app/admin/Model/CommonModel.class.php 第 59 行.
NOTIC: [8] Undefined variable: limit /Applications/MAMP/htdocs/Blog/app/admin/Model/CommonModel.class.php 第 71 行.
SQL: SELECT `aid`,`title`,`content`,`summary`,`ctime`,`if_deleted`,`cid`,`rnum` FROM `web_post` WHERE `if_deleted` = 0 ORDER BY ctime desc  [ RunTime:0.0522s ]
SQL: SELECT COUNT(*) AS tp_count FROM `web_post` WHERE `if_deleted` = 0 LIMIT 1   [ RunTime:0.0509s ]

[ 2016-03-23T17:39:03+08:00 ] 127.0.0.1 /Blog/message
INFO: [ app_init ] --START--
INFO: Run Behavior\BuildLiteBehavior [ RunTime:0.000014s ]
INFO: [ app_init ] --END-- [ RunTime:0.000331s ]
INFO: [ app_begin ] --START--
INFO: Run Behavior\ReadHtmlCacheBehavior [ RunTime:0.000427s ]
INFO: [ app_begin ] --END-- [ RunTime:0.000481s ]
SQL: SHOW COLUMNS FROM `web_post` [ RunTime:0.0514s ]
SQL: SELECT `aid`,`title`,`content`,`summary`,`ctime`,`if_deleted`,`cid`,`rnum` FROM `web_post` WHERE `if_deleted` = 0 ORDER BY rnum desc LIMIT 4   [ RunTime:0.0513s ]
SQL: SELECT COUNT(*) AS tp_count FROM `web_post` WHERE `if_deleted` = 0 LIMIT 1   [ RunTime:0.0512s ]
INFO: [ view_parse ] --START--
INFO: [ template_filter ] --START--
INFO: Run Behavior\ContentReplaceBehavior [ RunTime:0.000082s ]
INFO: [ template_filter ] --END-- [ RunTime:0.000148s ]
INFO: Run Behavior\ParseTemplateBehavior [ RunTime:0.033001s ]
INFO: [ view_parse ] --END-- [ RunTime:0.033087s ]
INFO: [ view_filter ] --START--
INFO: Run Behavior\WriteHtmlCacheBehavior [ RunTime:0.000217s ]
INFO: [ view_filter ] --END-- [ RunTime:0.000317s ]
INFO: [ app_end ] --START--
INFO: Run Behavior\ShowPageTraceBehavior [ RunTime:0.000738s ]
INFO: [ app_end ] --END-- [ RunTime:0.000820s ]

[ 2016-03-23T17:39:04+08:00 ] 127.0.0.1 /Blog/home/Message/getlist
INFO: [ app_init ] --START--
INFO: Run Behavior\BuildLiteBehavior [ RunTime:0.000017s ]
INFO: [ app_init ] --END-- [ RunTime:0.000365s ]
INFO: [ app_begin ] --START--
INFO: Run Behavior\ReadHtmlCacheBehavior [ RunTime:0.000465s ]
INFO: [ app_begin ] --END-- [ RunTime:0.000528s ]
SQL: SHOW COLUMNS FROM `web_post` [ RunTime:0.0439s ]
SQL: SELECT `aid`,`title`,`content`,`summary`,`ctime`,`if_deleted`,`cid`,`rnum` FROM `web_post` WHERE `if_deleted` = 0 ORDER BY rnum desc LIMIT 4   [ RunTime:0.0419s ]
SQL: SELECT COUNT(*) AS tp_count FROM `web_post` WHERE `if_deleted` = 0 LIMIT 1   [ RunTime:0.0426s ]
SQL: SHOW COLUMNS FROM `web_message` [ RunTime:0.0438s ]
NOTIC: [8] Undefined variable: condition /Applications/MAMP/htdocs/Blog/app/Home/Controller/MessageController.class.php 第 17 行.
NOTIC: [2] Missing argument 4 for admin\Model\CommonModel::getlist(), called in /Applications/MAMP/htdocs/Blog/app/Home/Controller/MessageController.class.php on line 17 and defined /Applications/MAMP/htdocs/Blog/app/admin/Model/CommonModel.class.php 第 59 行.
NOTIC: [8] Undefined variable: limit /Applications/MAMP/htdocs/Blog/app/admin/Model/CommonModel.class.php 第 71 行.
SQL: SELECT `mid`,`message`,`mtime`,`nickname`,`reply`,`rtime`,`is_reply`,`email` FROM `web_message` ORDER BY mtime desc  [ RunTime:0.0420s ]
SQL: SELECT COUNT(*) AS tp_count FROM `web_message` LIMIT 1   [ RunTime:0.0420s ]

[ 2016-03-23T17:39:05+08:00 ] 127.0.0.1 /Blog/about
INFO: [ app_init ] --START--
INFO: Run Behavior\BuildLiteBehavior [ RunTime:0.000014s ]
INFO: [ app_init ] --END-- [ RunTime:0.000326s ]
INFO: [ app_begin ] --START--
INFO: Run Behavior\ReadHtmlCacheBehavior [ RunTime:0.000418s ]
INFO: [ app_begin ] --END-- [ RunTime:0.000471s ]
INFO: [ view_parse ] --START--
INFO: [ template_filter ] --START--
INFO: Run Behavior\ContentReplaceBehavior [ RunTime:0.000074s ]
INFO: [ template_filter ] --END-- [ RunTime:0.000146s ]
INFO: Run Behavior\ParseTemplateBehavior [ RunTime:0.010675s ]
INFO: [ view_parse ] --END-- [ RunTime:0.010761s ]
INFO: [ view_filter ] --START--
INFO: Run Behavior\WriteHtmlCacheBehavior [ RunTime:0.000146s ]
INFO: [ view_filter ] --END-- [ RunTime:0.000195s ]
INFO: [ app_end ] --START--
INFO: Run Behavior\ShowPageTraceBehavior [ RunTime:0.000484s ]
INFO: [ app_end ] --END-- [ RunTime:0.000536s ]

[ 2016-03-23T17:39:08+08:00 ] 127.0.0.1 /Blog/frontend
INFO: [ app_init ] --START--
INFO: Run Behavior\BuildLiteBehavior [ RunTime:0.000017s ]
INFO: [ app_init ] --END-- [ RunTime:0.000395s ]
INFO: [ app_begin ] --START--
INFO: Run Behavior\ReadHtmlCacheBehavior [ RunTime:0.000508s ]
INFO: [ app_begin ] --END-- [ RunTime:0.000578s ]
SQL: SHOW COLUMNS FROM `web_post` [ RunTime:0.0574s ]
SQL: SELECT `aid`,`title`,`content`,`summary`,`ctime`,`if_deleted`,`cid`,`rnum` FROM `web_post` WHERE `if_deleted` = 0 ORDER BY rnum desc LIMIT 4   [ RunTime:0.0426s ]
SQL: SELECT COUNT(*) AS tp_count FROM `web_post` WHERE `if_deleted` = 0 LIMIT 1   [ RunTime:0.0444s ]
INFO: [ view_parse ] --START--
INFO: [ template_filter ] --START--
INFO: Run Behavior\ContentReplaceBehavior [ RunTime:0.000083s ]
INFO: [ template_filter ] --END-- [ RunTime:0.000149s ]
INFO: Run Behavior\ParseTemplateBehavior [ RunTime:0.024713s ]
INFO: [ view_parse ] --END-- [ RunTime:0.024788s ]
INFO: [ view_filter ] --START--
INFO: Run Behavior\WriteHtmlCacheBehavior [ RunTime:0.000135s ]
INFO: [ view_filter ] --END-- [ RunTime:0.000181s ]
INFO: [ app_end ] --START--
INFO: Run Behavior\ShowPageTraceBehavior [ RunTime:0.000628s ]
INFO: [ app_end ] --END-- [ RunTime:0.000709s ]

[ 2016-03-23T17:39:08+08:00 ] 127.0.0.1 /Blog/home/Frontend/getlist
INFO: [ app_init ] --START--
INFO: Run Behavior\BuildLiteBehavior [ RunTime:0.000017s ]
INFO: [ app_init ] --END-- [ RunTime:0.000458s ]
INFO: [ app_begin ] --START--
INFO: Run Behavior\ReadHtmlCacheBehavior [ RunTime:0.000610s ]
INFO: [ app_begin ] --END-- [ RunTime:0.000686s ]
SQL: SHOW COLUMNS FROM `web_post` [ RunTime:0.0497s ]
SQL: SELECT `aid`,`title`,`content`,`summary`,`ctime`,`if_deleted`,`cid`,`rnum` FROM `web_post` WHERE `if_deleted` = 0 ORDER BY rnum desc LIMIT 4   [ RunTime:0.0754s ]
SQL: SELECT COUNT(*) AS tp_count FROM `web_post` WHERE `if_deleted` = 0 LIMIT 1   [ RunTime:0.0496s ]
NOTIC: [2] Missing argument 4 for admin\Model\CommonModel::getlist(), called in /Applications/MAMP/htdocs/Blog/app/Home/Controller/FrontendController.class.php on line 15 and defined /Applications/MAMP/htdocs/Blog/app/admin/Model/CommonModel.class.php 第 59 行.
NOTIC: [8] Undefined variable: limit /Applications/MAMP/htdocs/Blog/app/admin/Model/CommonModel.class.php 第 71 行.
SQL: SELECT `aid`,`title`,`content`,`summary`,`ctime`,`if_deleted`,`cid`,`rnum` FROM `web_post` WHERE `if_deleted` = 0 AND `cid` = 3 ORDER BY ctime desc  [ RunTime:0.0492s ]
SQL: SELECT COUNT(*) AS tp_count FROM `web_post` WHERE `if_deleted` = 0 AND `cid` = 3 LIMIT 1   [ RunTime:0.0492s ]

[ 2016-03-23T17:39:09+08:00 ] 127.0.0.1 /Blog/python
INFO: [ app_init ] --START--
INFO: Run Behavior\BuildLiteBehavior [ RunTime:0.000015s ]
INFO: [ app_init ] --END-- [ RunTime:0.000352s ]
INFO: [ app_begin ] --START--
INFO: Run Behavior\ReadHtmlCacheBehavior [ RunTime:0.000444s ]
INFO: [ app_begin ] --END-- [ RunTime:0.000499s ]
SQL: SHOW COLUMNS FROM `web_post` [ RunTime:0.0475s ]
SQL: SELECT `aid`,`title`,`content`,`summary`,`ctime`,`if_deleted`,`cid`,`rnum` FROM `web_post` WHERE `if_deleted` = 0 ORDER BY rnum desc LIMIT 4   [ RunTime:0.0463s ]
SQL: SELECT COUNT(*) AS tp_count FROM `web_post` WHERE `if_deleted` = 0 LIMIT 1   [ RunTime:0.0450s ]
INFO: [ view_parse ] --START--
INFO: [ template_filter ] --START--
INFO: Run Behavior\ContentReplaceBehavior [ RunTime:0.000085s ]
INFO: [ template_filter ] --END-- [ RunTime:0.000154s ]
INFO: Run Behavior\ParseTemplateBehavior [ RunTime:0.025060s ]
INFO: [ view_parse ] --END-- [ RunTime:0.025142s ]
INFO: [ view_filter ] --START--
INFO: Run Behavior\WriteHtmlCacheBehavior [ RunTime:0.000167s ]
INFO: [ view_filter ] --END-- [ RunTime:0.000217s ]
INFO: [ app_end ] --START--
INFO: Run Behavior\ShowPageTraceBehavior [ RunTime:0.000817s ]
INFO: [ app_end ] --END-- [ RunTime:0.000914s ]

[ 2016-03-23T17:39:10+08:00 ] 127.0.0.1 /Blog/home/Python/getlist
INFO: [ app_init ] --START--
INFO: Run Behavior\BuildLiteBehavior [ RunTime:0.000027s ]
INFO: [ app_init ] --END-- [ RunTime:0.000622s ]
INFO: [ app_begin ] --START--
INFO: Run Behavior\ReadHtmlCacheBehavior [ RunTime:0.000985s ]
INFO: [ app_begin ] --END-- [ RunTime:0.001108s ]
SQL: SHOW COLUMNS FROM `web_post` [ RunTime:0.0451s ]
SQL: SELECT `aid`,`title`,`content`,`summary`,`ctime`,`if_deleted`,`cid`,`rnum` FROM `web_post` WHERE `if_deleted` = 0 ORDER BY rnum desc LIMIT 4   [ RunTime:0.0441s ]
SQL: SELECT COUNT(*) AS tp_count FROM `web_post` WHERE `if_deleted` = 0 LIMIT 1   [ RunTime:0.0438s ]
NOTIC: [2] Missing argument 4 for admin\Model\CommonModel::getlist(), called in /Applications/MAMP/htdocs/Blog/app/Home/Controller/PythonController.class.php on line 15 and defined /Applications/MAMP/htdocs/Blog/app/admin/Model/CommonModel.class.php 第 59 行.
NOTIC: [8] Undefined variable: limit /Applications/MAMP/htdocs/Blog/app/admin/Model/CommonModel.class.php 第 71 行.
SQL: SELECT `aid`,`title`,`content`,`summary`,`ctime`,`if_deleted`,`cid`,`rnum` FROM `web_post` WHERE `if_deleted` = 0 AND `cid` = 4 ORDER BY ctime desc  [ RunTime:0.0542s ]
SQL: SELECT COUNT(*) AS tp_count FROM `web_post` WHERE `if_deleted` = 0 AND `cid` = 4 LIMIT 1   [ RunTime:0.0463s ]

[ 2016-03-23T17:39:10+08:00 ] 127.0.0.1 /Blog/php
INFO: [ app_init ] --START--
INFO: Run Behavior\BuildLiteBehavior [ RunTime:0.000016s ]
INFO: [ app_init ] --END-- [ RunTime:0.000359s ]
INFO: [ app_begin ] --START--
INFO: Run Behavior\ReadHtmlCacheBehavior [ RunTime:0.000462s ]
INFO: [ app_begin ] --END-- [ RunTime:0.000529s ]
SQL: SHOW COLUMNS FROM `web_post` [ RunTime:0.0618s ]
SQL: SELECT `aid`,`title`,`content`,`summary`,`ctime`,`if_deleted`,`cid`,`rnum` FROM `web_post` WHERE `if_deleted` = 0 ORDER BY rnum desc LIMIT 4   [ RunTime:0.0425s ]
SQL: SELECT COUNT(*) AS tp_count FROM `web_post` WHERE `if_deleted` = 0 LIMIT 1   [ RunTime:0.0588s ]
INFO: [ view_parse ] --START--
INFO: [ template_filter ] --START--
INFO: Run Behavior\ContentReplaceBehavior [ RunTime:0.000084s ]
INFO: [ template_filter ] --END-- [ RunTime:0.000153s ]
INFO: Run Behavior\ParseTemplateBehavior [ RunTime:0.024854s ]
INFO: [ view_parse ] --END-- [ RunTime:0.024931s ]
INFO: [ view_filter ] --START--
INFO: Run Behavior\WriteHtmlCacheBehavior [ RunTime:0.000150s ]
INFO: [ view_filter ] --END-- [ RunTime:0.000202s ]
INFO: [ app_end ] --START--
INFO: Run Behavior\ShowPageTraceBehavior [ RunTime:0.000603s ]
INFO: [ app_end ] --END-- [ RunTime:0.000667s ]

[ 2016-03-23T17:39:11+08:00 ] 127.0.0.1 /Blog/home/Php/getlist
INFO: [ app_init ] --START--
INFO: Run Behavior\BuildLiteBehavior [ RunTime:0.000036s ]
INFO: [ app_init ] --END-- [ RunTime:0.000494s ]
INFO: [ app_begin ] --START--
INFO: Run Behavior\ReadHtmlCacheBehavior [ RunTime:0.001108s ]
INFO: [ app_begin ] --END-- [ RunTime:0.001294s ]
SQL: SHOW COLUMNS FROM `web_post` [ RunTime:0.0534s ]
SQL: SELECT `aid`,`title`,`content`,`summary`,`ctime`,`if_deleted`,`cid`,`rnum` FROM `web_post` WHERE `if_deleted` = 0 ORDER BY rnum desc LIMIT 4   [ RunTime:0.0539s ]
SQL: SELECT COUNT(*) AS tp_count FROM `web_post` WHERE `if_deleted` = 0 LIMIT 1   [ RunTime:0.0508s ]
NOTIC: [2] Missing argument 4 for admin\Model\CommonModel::getlist(), called in /Applications/MAMP/htdocs/Blog/app/Home/Controller/PhpController.class.php on line 15 and defined /Applications/MAMP/htdocs/Blog/app/admin/Model/CommonModel.class.php 第 59 行.
NOTIC: [8] Undefined variable: limit /Applications/MAMP/htdocs/Blog/app/admin/Model/CommonModel.class.php 第 71 行.
SQL: SELECT `aid`,`title`,`content`,`summary`,`ctime`,`if_deleted`,`cid`,`rnum` FROM `web_post` WHERE `if_deleted` = 0 AND `cid` = 1 ORDER BY ctime desc  [ RunTime:0.0514s ]
SQL: SELECT COUNT(*) AS tp_count FROM `web_post` WHERE `if_deleted` = 0 AND `cid` = 1 LIMIT 1   [ RunTime:0.0518s ]

[ 2016-03-23T17:39:12+08:00 ] 127.0.0.1 /Blog/index
INFO: [ app_init ] --START--
INFO: Run Behavior\BuildLiteBehavior [ RunTime:0.000014s ]
INFO: [ app_init ] --END-- [ RunTime:0.000325s ]
INFO: [ app_begin ] --START--
INFO: Run Behavior\ReadHtmlCacheBehavior [ RunTime:0.000420s ]
INFO: [ app_begin ] --END-- [ RunTime:0.000472s ]
SQL: SHOW COLUMNS FROM `web_post` [ RunTime:0.0453s ]
SQL: SELECT `aid`,`title`,`content`,`summary`,`ctime`,`if_deleted`,`cid`,`rnum` FROM `web_post` WHERE `if_deleted` = 0 ORDER BY rnum desc LIMIT 4   [ RunTime:0.0454s ]
SQL: SELECT COUNT(*) AS tp_count FROM `web_post` WHERE `if_deleted` = 0 LIMIT 1   [ RunTime:0.0549s ]
INFO: [ view_parse ] --START--
INFO: [ template_filter ] --START--
INFO: Run Behavior\ContentReplaceBehavior [ RunTime:0.000078s ]
INFO: [ template_filter ] --END-- [ RunTime:0.000147s ]
INFO: Run Behavior\ParseTemplateBehavior [ RunTime:0.022288s ]
INFO: [ view_parse ] --END-- [ RunTime:0.022366s ]
INFO: [ view_filter ] --START--
INFO: Run Behavior\WriteHtmlCacheBehavior [ RunTime:0.000148s ]
INFO: [ view_filter ] --END-- [ RunTime:0.000196s ]
INFO: [ app_end ] --START--
INFO: Run Behavior\ShowPageTraceBehavior [ RunTime:0.000662s ]
INFO: [ app_end ] --END-- [ RunTime:0.000751s ]

[ 2016-03-23T17:39:13+08:00 ] 127.0.0.1 /Blog/home/Index/getlist
INFO: [ app_init ] --START--
INFO: Run Behavior\BuildLiteBehavior [ RunTime:0.000025s ]
INFO: [ app_init ] --END-- [ RunTime:0.000639s ]
INFO: [ app_begin ] --START--
INFO: Run Behavior\ReadHtmlCacheBehavior [ RunTime:0.000760s ]
INFO: [ app_begin ] --END-- [ RunTime:0.000852s ]
SQL: SHOW COLUMNS FROM `web_post` [ RunTime:0.0519s ]
SQL: SELECT `aid`,`title`,`content`,`summary`,`ctime`,`if_deleted`,`cid`,`rnum` FROM `web_post` WHERE `if_deleted` = 0 ORDER BY rnum desc LIMIT 4   [ RunTime:0.0424s ]
SQL: SELECT COUNT(*) AS tp_count FROM `web_post` WHERE `if_deleted` = 0 LIMIT 1   [ RunTime:0.0572s ]
NOTIC: [2] Missing argument 4 for admin\Model\CommonModel::getlist(), called in /Applications/MAMP/htdocs/Blog/app/Home/Controller/IndexController.class.php on line 17 and defined /Applications/MAMP/htdocs/Blog/app/admin/Model/CommonModel.class.php 第 59 行.
NOTIC: [8] Undefined variable: limit /Applications/MAMP/htdocs/Blog/app/admin/Model/CommonModel.class.php 第 71 行.
SQL: SELECT `aid`,`title`,`content`,`summary`,`ctime`,`if_deleted`,`cid`,`rnum` FROM `web_post` WHERE `if_deleted` = 0 ORDER BY ctime desc  [ RunTime:0.0417s ]
SQL: SELECT COUNT(*) AS tp_count FROM `web_post` WHERE `if_deleted` = 0 LIMIT 1   [ RunTime:0.0506s ]

[ 2016-03-23T17:39:18+08:00 ] 127.0.0.1 /Blog/message
INFO: [ app_init ] --START--
INFO: Run Behavior\BuildLiteBehavior [ RunTime:0.000015s ]
INFO: [ app_init ] --END-- [ RunTime:0.000334s ]
INFO: [ app_begin ] --START--
INFO: Run Behavior\ReadHtmlCacheBehavior [ RunTime:0.000427s ]
INFO: [ app_begin ] --END-- [ RunTime:0.000483s ]
SQL: SHOW COLUMNS FROM `web_post` [ RunTime:0.0516s ]
SQL: SELECT `aid`,`title`,`content`,`summary`,`ctime`,`if_deleted`,`cid`,`rnum` FROM `web_post` WHERE `if_deleted` = 0 ORDER BY rnum desc LIMIT 4   [ RunTime:0.0493s ]
SQL: SELECT COUNT(*) AS tp_count FROM `web_post` WHERE `if_deleted` = 0 LIMIT 1   [ RunTime:0.0509s ]
INFO: [ view_parse ] --START--
INFO: [ template_filter ] --START--
INFO: Run Behavior\ContentReplaceBehavior [ RunTime:0.000084s ]
INFO: [ template_filter ] --END-- [ RunTime:0.000153s ]
INFO: Run Behavior\ParseTemplateBehavior [ RunTime:0.025279s ]
INFO: [ view_parse ] --END-- [ RunTime:0.025394s ]
INFO: [ view_filter ] --START--
INFO: Run Behavior\WriteHtmlCacheBehavior [ RunTime:0.000258s ]
INFO: [ view_filter ] --END-- [ RunTime:0.000345s ]
INFO: [ app_end ] --START--
INFO: Run Behavior\ShowPageTraceBehavior [ RunTime:0.001158s ]
INFO: [ app_end ] --END-- [ RunTime:0.001303s ]

[ 2016-03-23T17:39:19+08:00 ] 127.0.0.1 /Blog/home/Message/getlist
INFO: [ app_init ] --START--
INFO: Run Behavior\BuildLiteBehavior [ RunTime:0.000016s ]
INFO: [ app_init ] --END-- [ RunTime:0.000351s ]
INFO: [ app_begin ] --START--
INFO: Run Behavior\ReadHtmlCacheBehavior [ RunTime:0.000549s ]
INFO: [ app_begin ] --END-- [ RunTime:0.000629s ]
SQL: SHOW COLUMNS FROM `web_post` [ RunTime:0.0524s ]
SQL: SELECT `aid`,`title`,`content`,`summary`,`ctime`,`if_deleted`,`cid`,`rnum` FROM `web_post` WHERE `if_deleted` = 0 ORDER BY rnum desc LIMIT 4   [ RunTime:0.0512s ]
SQL: SELECT COUNT(*) AS tp_count FROM `web_post` WHERE `if_deleted` = 0 LIMIT 1   [ RunTime:0.0511s ]
SQL: SHOW COLUMNS FROM `web_message` [ RunTime:0.0515s ]
NOTIC: [8] Undefined variable: condition /Applications/MAMP/htdocs/Blog/app/Home/Controller/MessageController.class.php 第 17 行.
NOTIC: [2] Missing argument 4 for admin\Model\CommonModel::getlist(), called in /Applications/MAMP/htdocs/Blog/app/Home/Controller/MessageController.class.php on line 17 and defined /Applications/MAMP/htdocs/Blog/app/admin/Model/CommonModel.class.php 第 59 行.
NOTIC: [8] Undefined variable: limit /Applications/MAMP/htdocs/Blog/app/admin/Model/CommonModel.class.php 第 71 行.
SQL: SELECT `mid`,`message`,`mtime`,`nickname`,`reply`,`rtime`,`is_reply`,`email` FROM `web_message` ORDER BY mtime desc  [ RunTime:0.0530s ]
SQL: SELECT COUNT(*) AS tp_count FROM `web_message` LIMIT 1   [ RunTime:0.0536s ]

[ 2016-03-23T17:39:21+08:00 ] 127.0.0.1 /Blog/home/Message/addone
INFO: [ app_init ] --START--
INFO: Run Behavior\BuildLiteBehavior [ RunTime:0.000030s ]
INFO: [ app_init ] --END-- [ RunTime:0.000666s ]
INFO: [ app_begin ] --START--
INFO: Run Behavior\ReadHtmlCacheBehavior [ RunTime:0.000630s ]
INFO: [ app_begin ] --END-- [ RunTime:0.000719s ]
SQL: SHOW COLUMNS FROM `web_post` [ RunTime:0.0511s ]
SQL: SELECT `aid`,`title`,`content`,`summary`,`ctime`,`if_deleted`,`cid`,`rnum` FROM `web_post` WHERE `if_deleted` = 0 ORDER BY rnum desc LIMIT 4   [ RunTime:0.0500s ]
SQL: SELECT COUNT(*) AS tp_count FROM `web_post` WHERE `if_deleted` = 0 LIMIT 1   [ RunTime:0.0488s ]
SQL: SHOW COLUMNS FROM `web_message` [ RunTime:0.0497s ]
SQL: INSERT INTO `web_message` (`mtime`) VALUES ('2016-03-23 17:39:21') [ RunTime:0.0808s ]

[ 2016-03-23T17:39:22+08:00 ] 127.0.0.1 /Blog/message
INFO: [ app_init ] --START--
INFO: Run Behavior\BuildLiteBehavior [ RunTime:0.000087s ]
INFO: [ app_init ] --END-- [ RunTime:0.000978s ]
INFO: [ app_begin ] --START--
INFO: Run Behavior\ReadHtmlCacheBehavior [ RunTime:0.000532s ]
INFO: [ app_begin ] --END-- [ RunTime:0.000615s ]
SQL: SHOW COLUMNS FROM `web_post` [ RunTime:0.0453s ]
SQL: SELECT `aid`,`title`,`content`,`summary`,`ctime`,`if_deleted`,`cid`,`rnum` FROM `web_post` WHERE `if_deleted` = 0 ORDER BY rnum desc LIMIT 4   [ RunTime:0.0439s ]
SQL: SELECT COUNT(*) AS tp_count FROM `web_post` WHERE `if_deleted` = 0 LIMIT 1   [ RunTime:0.0438s ]
INFO: [ view_parse ] --START--
INFO: [ template_filter ] --START--
INFO: Run Behavior\ContentReplaceBehavior [ RunTime:0.000133s ]
INFO: [ template_filter ] --END-- [ RunTime:0.000206s ]
INFO: Run Behavior\ParseTemplateBehavior [ RunTime:0.027165s ]
INFO: [ view_parse ] --END-- [ RunTime:0.027319s ]
INFO: [ view_filter ] --START--
INFO: Run Behavior\WriteHtmlCacheBehavior [ RunTime:0.000198s ]
INFO: [ view_filter ] --END-- [ RunTime:0.000256s ]
INFO: [ app_end ] --START--
INFO: Run Behavior\ShowPageTraceBehavior [ RunTime:0.001662s ]
INFO: [ app_end ] --END-- [ RunTime:0.001780s ]

[ 2016-03-23T17:39:22+08:00 ] 127.0.0.1 /Blog/home/Message/getlist
INFO: [ app_init ] --START--
INFO: Run Behavior\BuildLiteBehavior [ RunTime:0.000075s ]
INFO: [ app_init ] --END-- [ RunTime:0.000474s ]
INFO: [ app_begin ] --START--
INFO: Run Behavior\ReadHtmlCacheBehavior [ RunTime:0.000840s ]
INFO: [ app_begin ] --END-- [ RunTime:0.001099s ]
SQL: SHOW COLUMNS FROM `web_post` [ RunTime:0.0460s ]
SQL: SELECT `aid`,`title`,`content`,`summary`,`ctime`,`if_deleted`,`cid`,`rnum` FROM `web_post` WHERE `if_deleted` = 0 ORDER BY rnum desc LIMIT 4   [ RunTime:0.0457s ]
SQL: SELECT COUNT(*) AS tp_count FROM `web_post` WHERE `if_deleted` = 0 LIMIT 1   [ RunTime:0.0452s ]
SQL: SHOW COLUMNS FROM `web_message` [ RunTime:0.0449s ]
NOTIC: [8] Undefined variable: condition /Applications/MAMP/htdocs/Blog/app/Home/Controller/MessageController.class.php 第 17 行.
NOTIC: [2] Missing argument 4 for admin\Model\CommonModel::getlist(), called in /Applications/MAMP/htdocs/Blog/app/Home/Controller/MessageController.class.php on line 17 and defined /Applications/MAMP/htdocs/Blog/app/admin/Model/CommonModel.class.php 第 59 行.
NOTIC: [8] Undefined variable: limit /Applications/MAMP/htdocs/Blog/app/admin/Model/CommonModel.class.php 第 71 行.
SQL: SELECT `mid`,`message`,`mtime`,`nickname`,`reply`,`rtime`,`is_reply`,`email` FROM `web_message` ORDER BY mtime desc  [ RunTime:0.0448s ]
SQL: SELECT COUNT(*) AS tp_count FROM `web_message` LIMIT 1   [ RunTime:0.0466s ]

[ 2016-03-23T17:39:26+08:00 ] 127.0.0.1 /Blog/message
INFO: [ app_init ] --START--
INFO: Run Behavior\BuildLiteBehavior [ RunTime:0.000016s ]
INFO: [ app_init ] --END-- [ RunTime:0.000342s ]
INFO: [ app_begin ] --START--
INFO: Run Behavior\ReadHtmlCacheBehavior [ RunTime:0.000436s ]
INFO: [ app_begin ] --END-- [ RunTime:0.000490s ]
SQL: SHOW COLUMNS FROM `web_post` [ RunTime:0.0445s ]
SQL: SELECT `aid`,`title`,`content`,`summary`,`ctime`,`if_deleted`,`cid`,`rnum` FROM `web_post` WHERE `if_deleted` = 0 ORDER BY rnum desc LIMIT 4   [ RunTime:0.0614s ]
SQL: SELECT COUNT(*) AS tp_count FROM `web_post` WHERE `if_deleted` = 0 LIMIT 1   [ RunTime:0.0435s ]
INFO: [ view_parse ] --START--
INFO: [ template_filter ] --START--
INFO: Run Behavior\ContentReplaceBehavior [ RunTime:0.000088s ]
INFO: [ template_filter ] --END-- [ RunTime:0.000203s ]
INFO: Run Behavior\ParseTemplateBehavior [ RunTime:0.022746s ]
INFO: [ view_parse ] --END-- [ RunTime:0.022834s ]
INFO: [ view_filter ] --START--
INFO: Run Behavior\WriteHtmlCacheBehavior [ RunTime:0.000187s ]
INFO: [ view_filter ] --END-- [ RunTime:0.000242s ]
INFO: [ app_end ] --START--
INFO: Run Behavior\ShowPageTraceBehavior [ RunTime:0.000897s ]
INFO: [ app_end ] --END-- [ RunTime:0.001001s ]

[ 2016-03-23T17:39:27+08:00 ] 127.0.0.1 /Blog/home/Message/getlist
INFO: [ app_init ] --START--
INFO: Run Behavior\BuildLiteBehavior [ RunTime:0.000027s ]
INFO: [ app_init ] --END-- [ RunTime:0.000635s ]
INFO: [ app_begin ] --START--
INFO: Run Behavior\ReadHtmlCacheBehavior [ RunTime:0.001658s ]
INFO: [ app_begin ] --END-- [ RunTime:0.001870s ]
SQL: SHOW COLUMNS FROM `web_post` [ RunTime:0.0516s ]
SQL: SELECT `aid`,`title`,`content`,`summary`,`ctime`,`if_deleted`,`cid`,`rnum` FROM `web_post` WHERE `if_deleted` = 0 ORDER BY rnum desc LIMIT 4   [ RunTime:0.0509s ]
SQL: SELECT COUNT(*) AS tp_count FROM `web_post` WHERE `if_deleted` = 0 LIMIT 1   [ RunTime:0.0521s ]
SQL: SHOW COLUMNS FROM `web_message` [ RunTime:0.0518s ]
NOTIC: [8] Undefined variable: condition /Applications/MAMP/htdocs/Blog/app/Home/Controller/MessageController.class.php 第 17 行.
NOTIC: [2] Missing argument 4 for admin\Model\CommonModel::getlist(), called in /Applications/MAMP/htdocs/Blog/app/Home/Controller/MessageController.class.php on line 17 and defined /Applications/MAMP/htdocs/Blog/app/admin/Model/CommonModel.class.php 第 59 行.
NOTIC: [8] Undefined variable: limit /Applications/MAMP/htdocs/Blog/app/admin/Model/CommonModel.class.php 第 71 行.
SQL: SELECT `mid`,`message`,`mtime`,`nickname`,`reply`,`rtime`,`is_reply`,`email` FROM `web_message` ORDER BY mtime desc  [ RunTime:0.0514s ]
SQL: SELECT COUNT(*) AS tp_count FROM `web_message` LIMIT 1   [ RunTime:0.0510s ]

[ 2016-03-23T17:39:31+08:00 ] 127.0.0.1 /Blog/home/Message/addone
INFO: [ app_init ] --START--
INFO: Run Behavior\BuildLiteBehavior [ RunTime:0.000024s ]
INFO: [ app_init ] --END-- [ RunTime:0.000473s ]
INFO: [ app_begin ] --START--
INFO: Run Behavior\ReadHtmlCacheBehavior [ RunTime:0.000830s ]
INFO: [ app_begin ] --END-- [ RunTime:0.000958s ]
SQL: SHOW COLUMNS FROM `web_post` [ RunTime:0.0444s ]
SQL: SELECT `aid`,`title`,`content`,`summary`,`ctime`,`if_deleted`,`cid`,`rnum` FROM `web_post` WHERE `if_deleted` = 0 ORDER BY rnum desc LIMIT 4   [ RunTime:0.0441s ]
SQL: SELECT COUNT(*) AS tp_count FROM `web_post` WHERE `if_deleted` = 0 LIMIT 1   [ RunTime:0.0581s ]
SQL: SHOW COLUMNS FROM `web_message` [ RunTime:0.0427s ]
SQL: INSERT INTO `web_message` (`mtime`) VALUES ('2016-03-23 17:39:31') [ RunTime:0.0542s ]

[ 2016-03-23T17:39:32+08:00 ] 127.0.0.1 /Blog/message
INFO: [ app_init ] --START--
INFO: Run Behavior\BuildLiteBehavior [ RunTime:0.000016s ]
INFO: [ app_init ] --END-- [ RunTime:0.000385s ]
INFO: [ app_begin ] --START--
INFO: Run Behavior\ReadHtmlCacheBehavior [ RunTime:0.001150s ]
INFO: [ app_begin ] --END-- [ RunTime:0.001267s ]
SQL: SHOW COLUMNS FROM `web_post` [ RunTime:0.0523s ]
SQL: SELECT `aid`,`title`,`content`,`summary`,`ctime`,`if_deleted`,`cid`,`rnum` FROM `web_post` WHERE `if_deleted` = 0 ORDER BY rnum desc LIMIT 4   [ RunTime:0.0509s ]
SQL: SELECT COUNT(*) AS tp_count FROM `web_post` WHERE `if_deleted` = 0 LIMIT 1   [ RunTime:0.0510s ]
INFO: [ view_parse ] --START--
INFO: [ template_filter ] --START--
INFO: Run Behavior\ContentReplaceBehavior [ RunTime:0.000082s ]
INFO: [ template_filter ] --END-- [ RunTime:0.000149s ]
INFO: Run Behavior\ParseTemplateBehavior [ RunTime:0.025881s ]
INFO: [ view_parse ] --END-- [ RunTime:0.025974s ]
INFO: [ view_filter ] --START--
INFO: Run Behavior\WriteHtmlCacheBehavior [ RunTime:0.000174s ]
INFO: [ view_filter ] --END-- [ RunTime:0.000229s ]
INFO: [ app_end ] --START--
INFO: Run Behavior\ShowPageTraceBehavior [ RunTime:0.000749s ]
INFO: [ app_end ] --END-- [ RunTime:0.000851s ]

[ 2016-03-23T17:39:33+08:00 ] 127.0.0.1 /Blog/home/Message/getlist
INFO: [ app_init ] --START--
INFO: Run Behavior\BuildLiteBehavior [ RunTime:0.000038s ]
INFO: [ app_init ] --END-- [ RunTime:0.001122s ]
INFO: [ app_begin ] --START--
INFO: Run Behavior\ReadHtmlCacheBehavior [ RunTime:0.000710s ]
INFO: [ app_begin ] --END-- [ RunTime:0.000817s ]
SQL: SHOW COLUMNS FROM `web_post` [ RunTime:0.0522s ]
SQL: SELECT `aid`,`title`,`content`,`summary`,`ctime`,`if_deleted`,`cid`,`rnum` FROM `web_post` WHERE `if_deleted` = 0 ORDER BY rnum desc LIMIT 4   [ RunTime:0.0514s ]
SQL: SELECT COUNT(*) AS tp_count FROM `web_post` WHERE `if_deleted` = 0 LIMIT 1   [ RunTime:0.0522s ]
SQL: SHOW COLUMNS FROM `web_message` [ RunTime:0.0514s ]
NOTIC: [8] Undefined variable: condition /Applications/MAMP/htdocs/Blog/app/Home/Controller/MessageController.class.php 第 17 行.
NOTIC: [2] Missing argument 4 for admin\Model\CommonModel::getlist(), called in /Applications/MAMP/htdocs/Blog/app/Home/Controller/MessageController.class.php on line 17 and defined /Applications/MAMP/htdocs/Blog/app/admin/Model/CommonModel.class.php 第 59 行.
NOTIC: [8] Undefined variable: limit /Applications/MAMP/htdocs/Blog/app/admin/Model/CommonModel.class.php 第 71 行.
SQL: SELECT `mid`,`message`,`mtime`,`nickname`,`reply`,`rtime`,`is_reply`,`email` FROM `web_message` ORDER BY mtime desc  [ RunTime:0.0512s ]
SQL: SELECT COUNT(*) AS tp_count FROM `web_message` LIMIT 1   [ RunTime:0.0520s ]

[ 2016-03-23T17:39:55+08:00 ] 127.0.0.1 /Blog/index
INFO: [ app_init ] --START--
INFO: Run Behavior\BuildLiteBehavior [ RunTime:0.000024s ]
INFO: [ app_init ] --END-- [ RunTime:0.000442s ]
INFO: [ app_begin ] --START--
INFO: Run Behavior\ReadHtmlCacheBehavior [ RunTime:0.000643s ]
INFO: [ app_begin ] --END-- [ RunTime:0.000726s ]
SQL: SHOW COLUMNS FROM `web_post` [ RunTime:0.0522s ]
SQL: SELECT `aid`,`title`,`content`,`summary`,`ctime`,`if_deleted`,`cid`,`rnum` FROM `web_post` WHERE `if_deleted` = 0 ORDER BY rnum desc LIMIT 4   [ RunTime:0.0527s ]
SQL: SELECT COUNT(*) AS tp_count FROM `web_post` WHERE `if_deleted` = 0 LIMIT 1   [ RunTime:0.0519s ]
INFO: [ view_parse ] --START--
INFO: [ template_filter ] --START--
INFO: Run Behavior\ContentReplaceBehavior [ RunTime:0.000141s ]
INFO: [ template_filter ] --END-- [ RunTime:0.000217s ]
INFO: Run Behavior\ParseTemplateBehavior [ RunTime:0.026682s ]
INFO: [ view_parse ] --END-- [ RunTime:0.026823s ]
INFO: [ view_filter ] --START--
INFO: Run Behavior\WriteHtmlCacheBehavior [ RunTime:0.000257s ]
INFO: [ view_filter ] --END-- [ RunTime:0.000344s ]
INFO: [ app_end ] --START--
INFO: Run Behavior\ShowPageTraceBehavior [ RunTime:0.001449s ]
INFO: [ app_end ] --END-- [ RunTime:0.001574s ]

[ 2016-03-23T17:39:56+08:00 ] 127.0.0.1 /Blog/home/Index/getlist
INFO: [ app_init ] --START--
INFO: Run Behavior\BuildLiteBehavior [ RunTime:0.000017s ]
INFO: [ app_init ] --END-- [ RunTime:0.000499s ]
INFO: [ app_begin ] --START--
INFO: Run Behavior\ReadHtmlCacheBehavior [ RunTime:0.000462s ]
INFO: [ app_begin ] --END-- [ RunTime:0.000523s ]
SQL: SHOW COLUMNS FROM `web_post` [ RunTime:0.0422s ]
SQL: SELECT `aid`,`title`,`content`,`summary`,`ctime`,`if_deleted`,`cid`,`rnum` FROM `web_post` WHERE `if_deleted` = 0 ORDER BY rnum desc LIMIT 4   [ RunTime:0.0409s ]
SQL: SELECT COUNT(*) AS tp_count FROM `web_post` WHERE `if_deleted` = 0 LIMIT 1   [ RunTime:0.0406s ]
NOTIC: [2] Missing argument 4 for admin\Model\CommonModel::getlist(), called in /Applications/MAMP/htdocs/Blog/app/Home/Controller/IndexController.class.php on line 17 and defined /Applications/MAMP/htdocs/Blog/app/admin/Model/CommonModel.class.php 第 59 行.
NOTIC: [8] Undefined variable: limit /Applications/MAMP/htdocs/Blog/app/admin/Model/CommonModel.class.php 第 71 行.
SQL: SELECT `aid`,`title`,`content`,`summary`,`ctime`,`if_deleted`,`cid`,`rnum` FROM `web_post` WHERE `if_deleted` = 0 ORDER BY ctime desc  [ RunTime:0.0540s ]
SQL: SELECT COUNT(*) AS tp_count FROM `web_post` WHERE `if_deleted` = 0 LIMIT 1   [ RunTime:0.0404s ]

